Log file open, 04/22/20 01:41:57
LogWindows: Failed to load 'aqProf.dll' (GetLastError=126)
LogWindows: File 'aqProf.dll' does not exist
LogWindows: Failed to load 'VtuneApi.dll' (GetLastError=126)
LogWindows: File 'VtuneApi.dll' does not exist
LogWindows: Failed to load 'VtuneApi32e.dll' (GetLastError=126)
LogWindows: File 'VtuneApi32e.dll' does not exist
LogConsoleResponse: Display: Failed to find resolution value strings in scalability ini. Falling back to default.
LogInit: Display: Running engine for game: InterpolationAnim
LogPlatformFile: Not using cached read wrapper
LogTaskGraph: Started task graph with 5 named threads and 23 total threads with 3 sets of task threads.
LogStats: Stats thread started at 0.080816
LogD3D11RHI: Loaded GFSDK_Aftermath_Lib.x64.dll
LogICUInternationalization: ICU TimeZone Detection - Raw Offset: -4:00, Platform Override: ''
LogPluginManager: Mounting plugin Paper2D
LogPluginManager: Mounting plugin AISupport
LogPluginManager: Mounting plugin LightPropagationVolume
LogPluginManager: Mounting plugin ActorLayerUtilities
LogPluginManager: Mounting plugin AnimationSharing
LogPluginManager: Mounting plugin CLionSourceCodeAccess
LogPluginManager: Mounting plugin CodeLiteSourceCodeAccess
LogPluginManager: Mounting plugin GitSourceControl
LogPluginManager: Mounting plugin KDevelopSourceCodeAccess
LogPluginManager: Mounting plugin NullSourceCodeAccess
LogPluginManager: Mounting plugin PerforceSourceControl
LogPluginManager: Mounting plugin SubversionSourceControl
LogPluginManager: Mounting plugin UObjectPlugin
LogPluginManager: Mounting plugin VisualStudioCodeSourceCodeAccess
LogPluginManager: Mounting plugin VisualStudioSourceCodeAccess
LogPluginManager: Mounting plugin XCodeSourceCodeAccess
LogPluginManager: Mounting plugin AssetManagerEditor
LogPluginManager: Mounting plugin CryptoKeys
LogPluginManager: Mounting plugin CurveEditorTools
LogPluginManager: Mounting plugin DataValidation
LogPluginManager: Mounting plugin EditorScriptingUtilities
LogPluginManager: Mounting plugin FacialAnimation
LogPluginManager: Mounting plugin GameplayTagsEditor
LogPluginManager: Mounting plugin MacGraphicsSwitching
LogPluginManager: Mounting plugin MaterialAnalyzer
LogPluginManager: Mounting plugin MobileLauncherProfileWizard
LogPluginManager: Mounting plugin PluginBrowser
LogPluginManager: Mounting plugin SpeedTreeImporter
LogPluginManager: Mounting plugin DatasmithContent
LogPluginManager: Mounting plugin VariantManagerContent
LogPluginManager: Mounting plugin AlembicImporter
LogPluginManager: Mounting plugin AutomationUtils
LogPluginManager: Mounting plugin BackChannel
LogPluginManager: Mounting plugin CharacterAI
LogPluginManager: Mounting plugin ControlRig
LogPluginManager: Mounting plugin GeometryCache
LogPluginManager: Mounting plugin HTML5Networking
LogPluginManager: Mounting plugin PlatformCrypto
LogPluginManager: Mounting plugin ProxyLODPlugin
LogPluginManager: Mounting plugin PythonScriptPlugin
LogPluginManager: Mounting plugin SkeletalReduction
LogPluginManager: Mounting plugin MagicLeap
LogPluginManager: Mounting plugin MagicLeapMedia
LogPluginManager: Mounting plugin AndroidMedia
LogPluginManager: Mounting plugin AvfMedia
LogPluginManager: Mounting plugin ImgMedia
LogPluginManager: Mounting plugin MediaCompositing
LogPluginManager: Mounting plugin MediaPlayerEditor
LogPluginManager: Mounting plugin WebMMedia
LogPluginManager: Mounting plugin WmfMedia
LogPluginManager: Mounting plugin MegascansPlugin
LogPluginManager: Mounting plugin TcpMessaging
LogPluginManager: Mounting plugin UdpMessaging
LogPluginManager: Mounting plugin ActorSequence
LogPluginManager: Mounting plugin LevelSequenceEditor
LogPluginManager: Mounting plugin MatineeToLevelSequence
LogPluginManager: Mounting plugin NetcodeUnitTest
LogPluginManager: Mounting plugin NUTUnrealEngine4
LogPluginManager: Mounting plugin OnlineSubsystemGooglePlay
LogPluginManager: Mounting plugin OnlineSubsystemIOS
LogPluginManager: Mounting plugin OnlineSubsystem
LogPluginManager: Mounting plugin OnlineSubsystemNull
LogPluginManager: Mounting plugin OnlineSubsystemUtils
LogPluginManager: Mounting plugin LauncherChunkInstaller
LogPluginManager: Mounting plugin AndroidDeviceProfileSelector
LogPluginManager: Mounting plugin AndroidMoviePlayer
LogPluginManager: Mounting plugin AndroidPermission
LogPluginManager: Mounting plugin AppleImageUtils
LogPluginManager: Mounting plugin AppleMoviePlayer
LogPluginManager: Mounting plugin ArchVisCharacter
LogPluginManager: Mounting plugin AudioCapture
LogPluginManager: Mounting plugin CableComponent
LogPluginManager: Mounting plugin CustomMeshComponent
LogPluginManager: Mounting plugin EditableMesh
LogPluginManager: Mounting plugin ExampleDeviceProfileSelector
LogPluginManager: Mounting plugin GoogleCloudMessaging
LogPluginManager: Mounting plugin IOSDeviceProfileSelector
LogPluginManager: Mounting plugin LinuxDeviceProfileSelector
LogPluginManager: Mounting plugin LocationServicesBPLibrary
LogPluginManager: Mounting plugin MobilePatchingUtils
LogPluginManager: Mounting plugin OculusVR
LogPluginManager: Mounting plugin PhysXVehicles
LogPluginManager: Mounting plugin ProceduralMeshComponent
LogPluginManager: Mounting plugin RuntimePhysXCooking
LogPluginManager: Mounting plugin SignificanceManager
LogPluginManager: Mounting plugin SteamVR
LogPluginManager: Mounting plugin WebMMoviePlayer
LogPluginManager: Mounting plugin WindowsMoviePlayer
LogPluginManager: Mounting plugin ScreenshotTools
LogInit: Using libcurl 7.55.1-DEV
LogInit:  - built for x86_64-pc-win32
LogInit:  - supports SSL with OpenSSL/1.1.1
LogInit:  - supports HTTP deflate (compression) using libz 1.2.8
LogInit:  - other features:
LogInit:      CURL_VERSION_SSL
LogInit:      CURL_VERSION_LIBZ
LogInit:      CURL_VERSION_IPV6
LogInit:      CURL_VERSION_ASYNCHDNS
LogInit:      CURL_VERSION_LARGEFILE
LogInit:      CURL_VERSION_IDN
LogInit:  CurlRequestOptions (configurable via config and command line):
LogInit:  - bVerifyPeer = true  - Libcurl will verify peer certificate
LogInit:  - bUseHttpProxy = false  - Libcurl will NOT use HTTP proxy
LogInit:  - bDontReuseConnections = false  - Libcurl will reuse connections
LogInit:  - MaxHostConnections = 16  - Libcurl will limit the number of connections to a host
LogInit:  - LocalHostAddr = Default
LogInit:  - BufferSize = 65536
LogOnline: OSS: Creating online subsystem instance for: NULL
LogInit: WinSock: version 1.1 (2.2), MaxSocks=32767, MaxUdp=65467
LogInit: Build: ++UE4+Release-4.23-CL-8386587
LogInit: Engine Version: 4.23.0-8386587+++UE4+Release-4.23
LogInit: Compatible Engine Version: 4.23.0-8386587+++UE4+Release-4.23
LogInit: Net CL: 8386587
LogInit: OS: Windows 10 (Release 1903) (), CPU: Intel(R) Core(TM) i7-4790 CPU @ 3.60GHz, GPU: NVIDIA GeForce GTX 1080 Ti
LogInit: Compiled (64-bit): Aug 31 2019 02:04:44
LogInit: Compiled with Visual C++: 19.16.27030.01
LogInit: Build Configuration: Development
LogInit: Branch Name: ++UE4+Release-4.23
LogInit: Command Line: 
LogInit: Base Directory: C:/UE_4.23/Engine/Binaries/Win64/
LogInit: Installed Engine Build: 1
LogDevObjectVersion: Number of dev versions registered: 23
LogDevObjectVersion:   Dev-Blueprints (B0D832E4-1F89-4F0D-ACCF-7EB736FD4AA2): 10
LogDevObjectVersion:   Dev-Build (E1C64328-A22C-4D53-A36C-8E866417BD8C): 0
LogDevObjectVersion:   Dev-Core (375EC13C-06E4-48FB-B500-84F0262A717E): 3
LogDevObjectVersion:   Dev-Editor (E4B068ED-F494-42E9-A231-DA0B2E46BB41): 34
LogDevObjectVersion:   Dev-Framework (CFFC743F-43B0-4480-9391-14DF171D2073): 35
LogDevObjectVersion:   Dev-Mobile (B02B49B5-BB20-44E9-A304-32B752E40360): 2
LogDevObjectVersion:   Dev-Networking (A4E4105C-59A1-49B5-A7C5-40C4547EDFEE): 0
LogDevObjectVersion:   Dev-Online (39C831C9-5AE6-47DC-9A44-9C173E1C8E7C): 0
LogDevObjectVersion:   Dev-Physics (78F01B33-EBEA-4F98-B9B4-84EACCB95AA2): 0
LogDevObjectVersion:   Dev-Platform (6631380F-2D4D-43E0-8009-CF276956A95A): 0
LogDevObjectVersion:   Dev-Rendering (12F88B9F-8875-4AFC-A67C-D90C383ABD29): 31
LogDevObjectVersion:   Dev-Sequencer (7B5AE74C-D270-4C10-A958-57980B212A5A): 11
LogDevObjectVersion:   Dev-VR (D7296918-1DD6-4BDD-9DE2-64A83CC13884): 2
LogDevObjectVersion:   Dev-LoadTimes (C2A15278-BFE7-4AFE-6C17-90FF531DF755): 1
LogDevObjectVersion:   Private-Geometry (6EACA3D4-40EC-4CC1-B786-8BED09428FC5): 3
LogDevObjectVersion:   Dev-AnimPhys (29E575DD-E0A3-4627-9D10-D276232CDCEA): 17
LogDevObjectVersion:   Dev-Anim (AF43A65D-7FD3-4947-9873-3E8ED9C1BB05): 2
LogDevObjectVersion:   Dev-ReflectionCapture (6B266CEC-1EC7-4B8F-A30B-E4D90942FC07): 1
LogDevObjectVersion:   Dev-Automation (0DF73D61-A23F-47EA-B727-89E90C41499A): 1
LogDevObjectVersion:   FortniteMain (601D1886-AC64-4F84-AA16-D3DE0DEAC7D6): 27
LogDevObjectVersion:   Dev-Enterprise (9DFFBCD6-494F-0158-E221-12823C92A888): 6
LogDevObjectVersion:   Dev-Niagara (F2AED0AC-9AFE-416F-8664-AA7FFA26D6FC): 1
LogDevObjectVersion:   Dev-Destruction (174F1F0B-B4C6-45A5-B13F-2EE8D0FB917D): 9
LogInit: Presizing for max 16777216 objects, including 0 objects not considered by GC, pre-allocating 0 bytes for permanent pool.
LogInit: Object subsystem initialized
LogConfig: Setting CVar [[con.DebugEarlyDefault:1]]
LogConfig: Setting CVar [[r.setres:1280x720]]
[2020.04.22-05.41.57:812][  0]LogConfig: Setting CVar [[r.VSync:0]]
[2020.04.22-05.41.57:812][  0]LogConfig: Setting CVar [[r.RHICmdBypass:0]]
[2020.04.22-05.41.57:812][  0]LogConfig: Applying CVar settings from Section [/Script/Engine.RendererSettings] File [E:/proyectos/InterpolationAnim/Saved/Config/Windows/Engine.ini]
[2020.04.22-05.41.57:812][  0]LogConfig: Setting CVar [[r.GPUCrashDebugging:0]]
[2020.04.22-05.41.57:812][  0]LogConfig: Applying CVar settings from Section [/Script/Engine.RendererOverrideSettings] File [E:/proyectos/InterpolationAnim/Saved/Config/Windows/Engine.ini]
[2020.04.22-05.41.57:812][  0]LogConfig: Applying CVar settings from Section [/Script/Engine.StreamingSettings] File [E:/proyectos/InterpolationAnim/Saved/Config/Windows/Engine.ini]
[2020.04.22-05.41.57:812][  0]LogConfig: Setting CVar [[s.MinBulkDataSizeForAsyncLoading:131072]]
[2020.04.22-05.41.57:812][  0]LogConfig: Setting CVar [[s.AsyncLoadingThreadEnabled:0]]
[2020.04.22-05.41.57:812][  0]LogConfig: Setting CVar [[s.EventDrivenLoaderEnabled:1]]
[2020.04.22-05.41.57:812][  0]LogConfig: Setting CVar [[s.WarnIfTimeLimitExceeded:0]]
[2020.04.22-05.41.57:812][  0]LogConfig: Setting CVar [[s.TimeLimitExceededMultiplier:1.5]]
[2020.04.22-05.41.57:812][  0]LogConfig: Setting CVar [[s.TimeLimitExceededMinTime:0.005]]
[2020.04.22-05.41.57:812][  0]LogConfig: Setting CVar [[s.UseBackgroundLevelStreaming:1]]
[2020.04.22-05.41.57:812][  0]LogConfig: Setting CVar [[s.PriorityAsyncLoadingExtraTime:15.0]]
[2020.04.22-05.41.57:812][  0]LogConfig: Setting CVar [[s.LevelStreamingActorsUpdateTimeLimit:5.0]]
[2020.04.22-05.41.57:812][  0]LogConfig: Setting CVar [[s.PriorityLevelStreamingActorsUpdateExtraTime:5.0]]
[2020.04.22-05.41.57:812][  0]LogConfig: Setting CVar [[s.LevelStreamingComponentsRegistrationGranularity:10]]
[2020.04.22-05.41.57:812][  0]LogConfig: Setting CVar [[s.UnregisterComponentsTimeLimit:1.0]]
[2020.04.22-05.41.57:812][  0]LogConfig: Setting CVar [[s.LevelStreamingComponentsUnregistrationGranularity:5]]
[2020.04.22-05.41.57:812][  0]LogConfig: Applying CVar settings from Section [/Script/Engine.GarbageCollectionSettings] File [E:/proyectos/InterpolationAnim/Saved/Config/Windows/Engine.ini]
[2020.04.22-05.41.57:812][  0]LogConfig: Setting CVar [[gc.MaxObjectsNotConsideredByGC:1]]
[2020.04.22-05.41.57:812][  0]LogConfig: Setting CVar [[gc.SizeOfPermanentObjectPool:0]]
[2020.04.22-05.41.57:812][  0]LogConfig: Setting CVar [[gc.FlushStreamingOnGC:0]]
[2020.04.22-05.41.57:812][  0]LogConfig: Setting CVar [[gc.NumRetriesBeforeForcingGC:10]]
[2020.04.22-05.41.57:812][  0]LogConfig: Setting CVar [[gc.AllowParallelGC:1]]
[2020.04.22-05.41.57:812][  0]LogConfig: Setting CVar [[gc.TimeBetweenPurgingPendingKillObjects:61.1]]
[2020.04.22-05.41.57:812][  0]LogConfig: Setting CVar [[gc.MaxObjectsInEditor:16777216]]
[2020.04.22-05.41.57:812][  0]LogConfig: Setting CVar [[gc.IncrementalBeginDestroyEnabled:1]]
[2020.04.22-05.41.57:812][  0]LogConfig: Setting CVar [[gc.CreateGCClusters:1]]
[2020.04.22-05.41.57:812][  0]LogConfig: Setting CVar [[gc.MinGCClusterSize:5]]
[2020.04.22-05.41.57:812][  0]LogConfig: Setting CVar [[gc.ActorClusteringEnabled:0]]
[2020.04.22-05.41.57:812][  0]LogConfig: Setting CVar [[gc.BlueprintClusteringEnabled:0]]
[2020.04.22-05.41.57:812][  0]LogConfig: Setting CVar [[gc.UseDisregardForGCOnDedicatedServers:0]]
[2020.04.22-05.41.57:812][  0]LogConfig: Applying CVar settings from Section [/Script/Engine.NetworkSettings] File [E:/proyectos/InterpolationAnim/Saved/Config/Windows/Engine.ini]
[2020.04.22-05.41.57:812][  0]LogConfig: Applying CVar settings from Section [/Script/UnrealEd.CookerSettings] File [E:/proyectos/InterpolationAnim/Saved/Config/Windows/Engine.ini]
[2020.04.22-05.41.57:815][  0]LogConfig: Applying CVar settings from Section [ViewDistanceQuality@3] File [E:/proyectos/InterpolationAnim/Saved/Config/Windows/Scalability.ini]
[2020.04.22-05.41.57:815][  0]LogConfig: Setting CVar [[r.SkeletalMeshLODBias:0]]
[2020.04.22-05.41.57:815][  0]LogConfig: Setting CVar [[r.ViewDistanceScale:1.0]]
[2020.04.22-05.41.57:815][  0]LogConfig: Applying CVar settings from Section [AntiAliasingQuality@3] File [E:/proyectos/InterpolationAnim/Saved/Config/Windows/Scalability.ini]
[2020.04.22-05.41.57:815][  0]LogConfig: Setting CVar [[r.PostProcessAAQuality:4]]
[2020.04.22-05.41.57:815][  0]LogConfig: Applying CVar settings from Section [ShadowQuality@3] File [E:/proyectos/InterpolationAnim/Saved/Config/Windows/Scalability.ini]
[2020.04.22-05.41.57:815][  0]LogConfig: Setting CVar [[r.LightFunctionQuality:1]]
[2020.04.22-05.41.57:815][  0]LogConfig: Setting CVar [[r.ShadowQuality:5]]
[2020.04.22-05.41.57:815][  0]LogConfig: Setting CVar [[r.Shadow.CSM.MaxCascades:10]]
[2020.04.22-05.41.57:815][  0]LogConfig: Setting CVar [[r.Shadow.MaxResolution:2048]]
[2020.04.22-05.41.57:815][  0]LogConfig: Setting CVar [[r.Shadow.MaxCSMResolution:2048]]
[2020.04.22-05.41.57:815][  0]LogConfig: Setting CVar [[r.Shadow.RadiusThreshold:0.01]]
[2020.04.22-05.41.57:815][  0]LogConfig: Setting CVar [[r.Shadow.DistanceScale:1.0]]
[2020.04.22-05.41.57:815][  0]LogConfig: Setting CVar [[r.Shadow.CSM.TransitionScale:1.0]]
[2020.04.22-05.41.57:815][  0]LogConfig: Setting CVar [[r.Shadow.PreShadowResolutionFactor:1.0]]
[2020.04.22-05.41.57:815][  0]LogConfig: Setting CVar [[r.DistanceFieldShadowing:1]]
[2020.04.22-05.41.57:815][  0]LogConfig: Setting CVar [[r.DistanceFieldAO:1]]
[2020.04.22-05.41.57:815][  0]LogConfig: Setting CVar [[r.AOQuality:2]]
[2020.04.22-05.41.57:815][  0]LogConfig: Setting CVar [[r.VolumetricFog:1]]
[2020.04.22-05.41.57:815][  0]LogConfig: Setting CVar [[r.VolumetricFog.GridPixelSize:8]]
[2020.04.22-05.41.57:815][  0]LogConfig: Setting CVar [[r.VolumetricFog.GridSizeZ:128]]
[2020.04.22-05.41.57:815][  0]LogConfig: Setting CVar [[r.VolumetricFog.HistoryMissSupersampleCount:4]]
[2020.04.22-05.41.57:815][  0]LogConfig: Setting CVar [[r.LightMaxDrawDistanceScale:1]]
[2020.04.22-05.41.57:815][  0]LogConfig: Setting CVar [[r.CapsuleShadows:1]]
[2020.04.22-05.41.57:815][  0]LogConfig: Applying CVar settings from Section [PostProcessQuality@3] File [E:/proyectos/InterpolationAnim/Saved/Config/Windows/Scalability.ini]
[2020.04.22-05.41.57:815][  0]LogConfig: Setting CVar [[r.MotionBlurQuality:4]]
[2020.04.22-05.41.57:815][  0]LogConfig: Setting CVar [[r.AmbientOcclusionMipLevelFactor:0.4]]
[2020.04.22-05.41.57:815][  0]LogConfig: Setting CVar [[r.AmbientOcclusionMaxQuality:100]]
[2020.04.22-05.41.57:815][  0]LogConfig: Setting CVar [[r.AmbientOcclusionLevels:-1]]
[2020.04.22-05.41.57:815][  0]LogConfig: Setting CVar [[r.AmbientOcclusionRadiusScale:1.0]]
[2020.04.22-05.41.57:815][  0]LogConfig: Setting CVar [[r.DepthOfFieldQuality:2]]
[2020.04.22-05.41.57:815][  0]LogConfig: Setting CVar [[r.RenderTargetPoolMin:400]]
[2020.04.22-05.41.57:815][  0]LogConfig: Setting CVar [[r.LensFlareQuality:2]]
[2020.04.22-05.41.57:815][  0]LogConfig: Setting CVar [[r.SceneColorFringeQuality:1]]
[2020.04.22-05.41.57:815][  0]LogConfig: Setting CVar [[r.EyeAdaptationQuality:2]]
[2020.04.22-05.41.57:816][  0]LogConfig: Setting CVar [[r.BloomQuality:5]]
[2020.04.22-05.41.57:816][  0]LogConfig: Setting CVar [[r.FastBlurThreshold:100]]
[2020.04.22-05.41.57:816][  0]LogConfig: Setting CVar [[r.Upscale.Quality:3]]
[2020.04.22-05.41.57:816][  0]LogConfig: Setting CVar [[r.Tonemapper.GrainQuantization:1]]
[2020.04.22-05.41.57:816][  0]LogConfig: Setting CVar [[r.LightShaftQuality:1]]
[2020.04.22-05.41.57:816][  0]LogConfig: Setting CVar [[r.Filter.SizeScale:1]]
[2020.04.22-05.41.57:816][  0]LogConfig: Setting CVar [[r.Tonemapper.Quality:5]]
[2020.04.22-05.41.57:816][  0]LogConfig: Setting CVar [[r.DOF.Gather.AccumulatorQuality:1        ; higher gathering accumulator quality]]
[2020.04.22-05.41.57:816][  0]LogConfig: Setting CVar [[r.DOF.Gather.PostfilterMethod:1          ; Median3x3 postfilering method]]
[2020.04.22-05.41.57:816][  0]LogConfig: Setting CVar [[r.DOF.Gather.EnableBokehSettings:0       ; no bokeh simulation when gathering]]
[2020.04.22-05.41.57:816][  0]LogConfig: Setting CVar [[r.DOF.Gather.RingCount:4                 ; medium number of samples when gathering]]
[2020.04.22-05.41.57:816][  0]LogConfig: Setting CVar [[r.DOF.Scatter.ForegroundCompositing:1    ; additive foreground scattering]]
[2020.04.22-05.41.57:816][  0]LogConfig: Setting CVar [[r.DOF.Scatter.BackgroundCompositing:2    ; additive background scattering]]
[2020.04.22-05.41.57:816][  0]LogConfig: Setting CVar [[r.DOF.Scatter.EnableBokehSettings:1      ; bokeh simulation when scattering]]
[2020.04.22-05.41.57:816][  0]LogConfig: Setting CVar [[r.DOF.Scatter.MaxSpriteRatio:0.1         ; only a maximum of 10% of scattered bokeh]]
[2020.04.22-05.41.57:816][  0]LogConfig: Setting CVar [[r.DOF.Recombine.Quality:1                ; cheap slight out of focus]]
[2020.04.22-05.41.57:816][  0]LogConfig: Setting CVar [[r.DOF.Recombine.EnableBokehSettings:0    ; no bokeh simulation on slight out of focus]]
[2020.04.22-05.41.57:816][  0]LogConfig: Setting CVar [[r.DOF.TemporalAAQuality:1                ; more stable temporal accumulation]]
[2020.04.22-05.41.57:816][  0]LogConfig: Setting CVar [[r.DOF.Kernel.MaxForegroundRadius:0.025]]
[2020.04.22-05.41.57:816][  0]LogConfig: Setting CVar [[r.DOF.Kernel.MaxBackgroundRadius:0.025]]
[2020.04.22-05.41.57:816][  0]LogConfig: Applying CVar settings from Section [TextureQuality@3] File [E:/proyectos/InterpolationAnim/Saved/Config/Windows/Scalability.ini]
[2020.04.22-05.41.57:816][  0]LogConfig: Setting CVar [[r.Streaming.MipBias:0]]
[2020.04.22-05.41.57:816][  0]LogConfig: Setting CVar [[r.Streaming.AmortizeCPUToGPUCopy:0]]
[2020.04.22-05.41.57:816][  0]LogConfig: Setting CVar [[r.Streaming.MaxNumTexturesToStreamPerFrame:0]]
[2020.04.22-05.41.57:816][  0]LogConfig: Setting CVar [[r.Streaming.Boost:1]]
[2020.04.22-05.41.57:816][  0]LogConfig: Setting CVar [[r.MaxAnisotropy:8]]
[2020.04.22-05.41.57:816][  0]LogConfig: Setting CVar [[r.Streaming.LimitPoolSizeToVRAM:0]]
[2020.04.22-05.41.57:816][  0]LogConfig: Setting CVar [[r.Streaming.PoolSize:1000]]
[2020.04.22-05.41.57:816][  0]LogConfig: Setting CVar [[r.Streaming.MaxEffectiveScreenSize:0]]
[2020.04.22-05.41.57:816][  0]LogConfig: Applying CVar settings from Section [EffectsQuality@3] File [E:/proyectos/InterpolationAnim/Saved/Config/Windows/Scalability.ini]
[2020.04.22-05.41.57:816][  0]LogConfig: Setting CVar [[r.TranslucencyLightingVolumeDim:64]]
[2020.04.22-05.41.57:816][  0]LogConfig: Setting CVar [[r.RefractionQuality:2]]
[2020.04.22-05.41.57:816][  0]LogConfig: Setting CVar [[r.SSR.Quality:3]]
[2020.04.22-05.41.57:816][  0]LogConfig: Setting CVar [[r.SceneColorFormat:4]]
[2020.04.22-05.41.57:816][  0]LogConfig: Setting CVar [[r.DetailMode:2]]
[2020.04.22-05.41.57:816][  0]LogConfig: Setting CVar [[r.TranslucencyVolumeBlur:1]]
[2020.04.22-05.41.57:816][  0]LogConfig: Setting CVar [[r.MaterialQualityLevel:1 ; High quality]]
[2020.04.22-05.41.57:816][  0]LogConfig: Setting CVar [[r.SSS.Scale:1]]
[2020.04.22-05.41.57:816][  0]LogConfig: Setting CVar [[r.SSS.SampleSet:2]]
[2020.04.22-05.41.57:816][  0]LogConfig: Setting CVar [[r.SSS.Quality:1]]
[2020.04.22-05.41.57:816][  0]LogConfig: Setting CVar [[r.SSS.HalfRes:1]]
[2020.04.22-05.41.57:816][  0]LogConfig: Setting CVar [[r.EmitterSpawnRateScale:1.0]]
[2020.04.22-05.41.57:816][  0]LogConfig: Setting CVar [[r.ParticleLightQuality:2]]
[2020.04.22-05.41.57:816][  0]LogConfig: Applying CVar settings from Section [FoliageQuality@3] File [E:/proyectos/InterpolationAnim/Saved/Config/Windows/Scalability.ini]
[2020.04.22-05.41.57:816][  0]LogConfig: Setting CVar [[foliage.DensityScale:1.0]]
[2020.04.22-05.41.57:816][  0]LogConfig: Setting CVar [[grass.DensityScale:1.0]]
[2020.04.22-05.41.57:816][  0]LogInit: Selected Device Profile: [Windows]
[2020.04.22-05.41.57:816][  0]LogInit: Applying CVar settings loaded from the selected device profile: [Windows]
[2020.04.22-05.41.57:819][  0]LogHAL: Display: Platform has ~ 16 GB [17112330240 / 17179869184 / 16], which maps to Larger [LargestMinGB=32, LargerMinGB=12, DefaultMinGB=8, SmallerMinGB=6, SmallestMinGB=0)
[2020.04.22-05.41.57:819][  0]LogInit: Going up to parent DeviceProfile []
[2020.04.22-05.41.57:819][  0]LogConfig: Applying CVar settings from Section [ViewDistanceQuality@3] File [E:/proyectos/InterpolationAnim/Saved/Config/Windows/Scalability.ini]
[2020.04.22-05.41.57:819][  0]LogConfig: Setting CVar [[r.SkeletalMeshLODBias:0]]
[2020.04.22-05.41.57:819][  0]LogConfig: Setting CVar [[r.ViewDistanceScale:1.0]]
[2020.04.22-05.41.57:819][  0]LogConfig: Applying CVar settings from Section [AntiAliasingQuality@3] File [E:/proyectos/InterpolationAnim/Saved/Config/Windows/Scalability.ini]
[2020.04.22-05.41.57:819][  0]LogConfig: Setting CVar [[r.PostProcessAAQuality:4]]
[2020.04.22-05.41.57:819][  0]LogConfig: Applying CVar settings from Section [ShadowQuality@3] File [E:/proyectos/InterpolationAnim/Saved/Config/Windows/Scalability.ini]
[2020.04.22-05.41.57:819][  0]LogConfig: Setting CVar [[r.LightFunctionQuality:1]]
[2020.04.22-05.41.57:819][  0]LogConfig: Setting CVar [[r.ShadowQuality:5]]
[2020.04.22-05.41.57:819][  0]LogConfig: Setting CVar [[r.Shadow.CSM.MaxCascades:10]]
[2020.04.22-05.41.57:819][  0]LogConfig: Setting CVar [[r.Shadow.MaxResolution:2048]]
[2020.04.22-05.41.57:820][  0]LogConfig: Setting CVar [[r.Shadow.MaxCSMResolution:2048]]
[2020.04.22-05.41.57:820][  0]LogConfig: Setting CVar [[r.Shadow.RadiusThreshold:0.01]]
[2020.04.22-05.41.57:820][  0]LogConfig: Setting CVar [[r.Shadow.DistanceScale:1.0]]
[2020.04.22-05.41.57:820][  0]LogConfig: Setting CVar [[r.Shadow.CSM.TransitionScale:1.0]]
[2020.04.22-05.41.57:820][  0]LogConfig: Setting CVar [[r.Shadow.PreShadowResolutionFactor:1.0]]
[2020.04.22-05.41.57:820][  0]LogConfig: Setting CVar [[r.DistanceFieldShadowing:1]]
[2020.04.22-05.41.57:820][  0]LogConfig: Setting CVar [[r.DistanceFieldAO:1]]
[2020.04.22-05.41.57:820][  0]LogConfig: Setting CVar [[r.AOQuality:2]]
[2020.04.22-05.41.57:820][  0]LogConfig: Setting CVar [[r.VolumetricFog:1]]
[2020.04.22-05.41.57:820][  0]LogConfig: Setting CVar [[r.VolumetricFog.GridPixelSize:8]]
[2020.04.22-05.41.57:820][  0]LogConfig: Setting CVar [[r.VolumetricFog.GridSizeZ:128]]
[2020.04.22-05.41.57:820][  0]LogConfig: Setting CVar [[r.VolumetricFog.HistoryMissSupersampleCount:4]]
[2020.04.22-05.41.57:820][  0]LogConfig: Setting CVar [[r.LightMaxDrawDistanceScale:1]]
[2020.04.22-05.41.57:820][  0]LogConfig: Setting CVar [[r.CapsuleShadows:1]]
[2020.04.22-05.41.57:820][  0]LogConfig: Applying CVar settings from Section [PostProcessQuality@3] File [E:/proyectos/InterpolationAnim/Saved/Config/Windows/Scalability.ini]
[2020.04.22-05.41.57:820][  0]LogConfig: Setting CVar [[r.MotionBlurQuality:4]]
[2020.04.22-05.41.57:820][  0]LogConfig: Setting CVar [[r.AmbientOcclusionMipLevelFactor:0.4]]
[2020.04.22-05.41.57:820][  0]LogConfig: Setting CVar [[r.AmbientOcclusionMaxQuality:100]]
[2020.04.22-05.41.57:820][  0]LogConfig: Setting CVar [[r.AmbientOcclusionLevels:-1]]
[2020.04.22-05.41.57:820][  0]LogConfig: Setting CVar [[r.AmbientOcclusionRadiusScale:1.0]]
[2020.04.22-05.41.57:820][  0]LogConfig: Setting CVar [[r.DepthOfFieldQuality:2]]
[2020.04.22-05.41.57:820][  0]LogConfig: Setting CVar [[r.RenderTargetPoolMin:400]]
[2020.04.22-05.41.57:820][  0]LogConfig: Setting CVar [[r.LensFlareQuality:2]]
[2020.04.22-05.41.57:820][  0]LogConfig: Setting CVar [[r.SceneColorFringeQuality:1]]
[2020.04.22-05.41.57:820][  0]LogConfig: Setting CVar [[r.EyeAdaptationQuality:2]]
[2020.04.22-05.41.57:820][  0]LogConfig: Setting CVar [[r.BloomQuality:5]]
[2020.04.22-05.41.57:820][  0]LogConfig: Setting CVar [[r.FastBlurThreshold:100]]
[2020.04.22-05.41.57:820][  0]LogConfig: Setting CVar [[r.Upscale.Quality:3]]
[2020.04.22-05.41.57:820][  0]LogConfig: Setting CVar [[r.Tonemapper.GrainQuantization:1]]
[2020.04.22-05.41.57:820][  0]LogConfig: Setting CVar [[r.LightShaftQuality:1]]
[2020.04.22-05.41.57:820][  0]LogConfig: Setting CVar [[r.Filter.SizeScale:1]]
[2020.04.22-05.41.57:820][  0]LogConfig: Setting CVar [[r.Tonemapper.Quality:5]]
[2020.04.22-05.41.57:820][  0]LogConfig: Setting CVar [[r.DOF.Gather.AccumulatorQuality:1        ; higher gathering accumulator quality]]
[2020.04.22-05.41.57:820][  0]LogConfig: Setting CVar [[r.DOF.Gather.PostfilterMethod:1          ; Median3x3 postfilering method]]
[2020.04.22-05.41.57:820][  0]LogConfig: Setting CVar [[r.DOF.Gather.EnableBokehSettings:0       ; no bokeh simulation when gathering]]
[2020.04.22-05.41.57:820][  0]LogConfig: Setting CVar [[r.DOF.Gather.RingCount:4                 ; medium number of samples when gathering]]
[2020.04.22-05.41.57:820][  0]LogConfig: Setting CVar [[r.DOF.Scatter.ForegroundCompositing:1    ; additive foreground scattering]]
[2020.04.22-05.41.57:820][  0]LogConfig: Setting CVar [[r.DOF.Scatter.BackgroundCompositing:2    ; additive background scattering]]
[2020.04.22-05.41.57:820][  0]LogConfig: Setting CVar [[r.DOF.Scatter.EnableBokehSettings:1      ; bokeh simulation when scattering]]
[2020.04.22-05.41.57:820][  0]LogConfig: Setting CVar [[r.DOF.Scatter.MaxSpriteRatio:0.1         ; only a maximum of 10% of scattered bokeh]]
[2020.04.22-05.41.57:820][  0]LogConfig: Setting CVar [[r.DOF.Recombine.Quality:1                ; cheap slight out of focus]]
[2020.04.22-05.41.57:820][  0]LogConfig: Setting CVar [[r.DOF.Recombine.EnableBokehSettings:0    ; no bokeh simulation on slight out of focus]]
[2020.04.22-05.41.57:820][  0]LogConfig: Setting CVar [[r.DOF.TemporalAAQuality:1                ; more stable temporal accumulation]]
[2020.04.22-05.41.57:820][  0]LogConfig: Setting CVar [[r.DOF.Kernel.MaxForegroundRadius:0.025]]
[2020.04.22-05.41.57:820][  0]LogConfig: Setting CVar [[r.DOF.Kernel.MaxBackgroundRadius:0.025]]
[2020.04.22-05.41.57:820][  0]LogConfig: Applying CVar settings from Section [TextureQuality@3] File [E:/proyectos/InterpolationAnim/Saved/Config/Windows/Scalability.ini]
[2020.04.22-05.41.57:820][  0]LogConfig: Setting CVar [[r.Streaming.MipBias:0]]
[2020.04.22-05.41.57:820][  0]LogConfig: Setting CVar [[r.Streaming.AmortizeCPUToGPUCopy:0]]
[2020.04.22-05.41.57:820][  0]LogConfig: Setting CVar [[r.Streaming.MaxNumTexturesToStreamPerFrame:0]]
[2020.04.22-05.41.57:820][  0]LogConfig: Setting CVar [[r.Streaming.Boost:1]]
[2020.04.22-05.41.57:820][  0]LogConfig: Setting CVar [[r.MaxAnisotropy:8]]
[2020.04.22-05.41.57:820][  0]LogConfig: Setting CVar [[r.Streaming.LimitPoolSizeToVRAM:0]]
[2020.04.22-05.41.57:820][  0]LogConfig: Setting CVar [[r.Streaming.PoolSize:1000]]
[2020.04.22-05.41.57:820][  0]LogConfig: Setting CVar [[r.Streaming.MaxEffectiveScreenSize:0]]
[2020.04.22-05.41.57:820][  0]LogConfig: Applying CVar settings from Section [EffectsQuality@3] File [E:/proyectos/InterpolationAnim/Saved/Config/Windows/Scalability.ini]
[2020.04.22-05.41.57:820][  0]LogConfig: Setting CVar [[r.TranslucencyLightingVolumeDim:64]]
[2020.04.22-05.41.57:820][  0]LogConfig: Setting CVar [[r.RefractionQuality:2]]
[2020.04.22-05.41.57:820][  0]LogConfig: Setting CVar [[r.SSR.Quality:3]]
[2020.04.22-05.41.57:820][  0]LogConfig: Setting CVar [[r.SceneColorFormat:4]]
[2020.04.22-05.41.57:820][  0]LogConfig: Setting CVar [[r.DetailMode:2]]
[2020.04.22-05.41.57:820][  0]LogConfig: Setting CVar [[r.TranslucencyVolumeBlur:1]]
[2020.04.22-05.41.57:820][  0]LogConfig: Setting CVar [[r.MaterialQualityLevel:1 ; High quality]]
[2020.04.22-05.41.57:820][  0]LogConfig: Setting CVar [[r.SSS.Scale:1]]
[2020.04.22-05.41.57:820][  0]LogConfig: Setting CVar [[r.SSS.SampleSet:2]]
[2020.04.22-05.41.57:820][  0]LogConfig: Setting CVar [[r.SSS.Quality:1]]
[2020.04.22-05.41.57:820][  0]LogConfig: Setting CVar [[r.SSS.HalfRes:1]]
[2020.04.22-05.41.57:820][  0]LogConfig: Setting CVar [[r.EmitterSpawnRateScale:1.0]]
[2020.04.22-05.41.57:820][  0]LogConfig: Setting CVar [[r.ParticleLightQuality:2]]
[2020.04.22-05.41.57:820][  0]LogConfig: Applying CVar settings from Section [FoliageQuality@3] File [E:/proyectos/InterpolationAnim/Saved/Config/Windows/Scalability.ini]
[2020.04.22-05.41.57:820][  0]LogConfig: Setting CVar [[foliage.DensityScale:1.0]]
[2020.04.22-05.41.57:820][  0]LogConfig: Setting CVar [[grass.DensityScale:1.0]]
[2020.04.22-05.41.57:820][  0]LogConfig: Applying CVar settings from Section [Startup] File [../../../Engine/Config/ConsoleVariables.ini]
[2020.04.22-05.41.57:821][  0]LogConfig: Setting CVar [[net.UseAdaptiveNetUpdateFrequency:0]]
[2020.04.22-05.41.57:821][  0]LogConfig: Setting CVar [[p.chaos.AllowCreatePhysxBodies:1]]
[2020.04.22-05.41.57:821][  0]LogConfig: Applying CVar settings from Section [ConsoleVariables] File [E:/proyectos/InterpolationAnim/Saved/Config/Windows/Engine.ini]
[2020.04.22-05.41.57:821][  0]LogInit: Computer: DESKTOP-5IT9DLK
[2020.04.22-05.41.57:821][  0]LogInit: User: FractalGaming
[2020.04.22-05.41.57:821][  0]LogInit: CPU Page size=4096, Cores=4
[2020.04.22-05.41.57:821][  0]LogInit: High frequency timer resolution =10.000000 MHz
[2020.04.22-05.41.57:821][  0]LogMemory: Memory total: Physical=15.9GB (16GB approx)
[2020.04.22-05.41.57:821][  0]LogMemory: Platform Memory Stats for Windows
[2020.04.22-05.41.57:821][  0]LogMemory: Process Physical Memory: 100.82 MB used, 100.82 MB peak
[2020.04.22-05.41.57:821][  0]LogMemory: Process Virtual Memory: 89.30 MB used, 89.30 MB peak
[2020.04.22-05.41.57:821][  0]LogMemory: Physical Memory: 8863.49 MB used,  7456.10 MB free, 16319.59 MB total
[2020.04.22-05.41.57:821][  0]LogMemory: Virtual Memory: 4660.75 MB used,  134213064.00 MB free, 134217728.00 MB total
[2020.04.22-05.41.57:824][  0]LogWindows: WindowsPlatformFeatures enabled
[2020.04.22-05.41.57:847][  0]LogInit: Using OS detected language (en-US).
[2020.04.22-05.41.57:847][  0]LogInit: Using OS detected locale (en-US).
[2020.04.22-05.41.57:847][  0]LogTextLocalizationManager: No specific localization for 'en-US' exists, so the 'en' localization will be used.
[2020.04.22-05.41.58:025][  0]LogInit: Setting process to per monitor DPI aware
[2020.04.22-05.41.58:068][  0]LogSlate: New Slate User Created.  User Index 0, Is Virtual User: 0
[2020.04.22-05.41.58:068][  0]LogSlate: Slate User Registered.  User Index 0, Is Virtual User: 0
[2020.04.22-05.41.58:228][  0]LogHMD: Failed to initialize OpenVR with code 110
[2020.04.22-05.41.58:228][  0]LogD3D11RHI: D3D11 adapters:
[2020.04.22-05.41.58:292][  0]LogD3D11RHI:    0. 'NVIDIA GeForce GTX 1080 Ti' (Feature Level 11_0)
[2020.04.22-05.41.58:292][  0]LogD3D11RHI:       11127/0/8159 MB DedicatedVideo/DedicatedSystem/SharedSystem, Outputs:1, VendorId:0x10de
[2020.04.22-05.41.58:295][  0]LogD3D11RHI:    1. 'Microsoft Basic Render Driver' (Feature Level 11_0)
[2020.04.22-05.41.58:295][  0]LogD3D11RHI:       0/0/8159 MB DedicatedVideo/DedicatedSystem/SharedSystem, Outputs:0, VendorId:0x1414
[2020.04.22-05.41.58:295][  0]LogD3D11RHI: Chosen D3D11 Adapter: 0
[2020.04.22-05.41.58:303][  0]LogD3D11RHI: Creating new Direct3DDevice
[2020.04.22-05.41.58:303][  0]LogD3D11RHI:     GPU DeviceId: 0x1b06 (for the marketing name, search the web for "GPU Device Id")
[2020.04.22-05.41.58:303][  0]LogWindows: EnumDisplayDevices:
[2020.04.22-05.41.58:303][  0]LogWindows:    0. 'NVIDIA GeForce GTX 1080 Ti' (P:1 D:1)
[2020.04.22-05.41.58:304][  0]LogWindows:    1. 'NVIDIA GeForce GTX 1080 Ti' (P:0 D:0)
[2020.04.22-05.41.58:304][  0]LogWindows:    2. 'NVIDIA GeForce GTX 1080 Ti' (P:0 D:0)
[2020.04.22-05.41.58:305][  0]LogWindows:    3. 'NVIDIA GeForce GTX 1080 Ti' (P:0 D:0)
[2020.04.22-05.41.58:305][  0]LogWindows: DebugString: FoundDriverCount:4 
[2020.04.22-05.41.58:305][  0]LogD3D11RHI:     Adapter Name: NVIDIA GeForce GTX 1080 Ti
[2020.04.22-05.41.58:305][  0]LogD3D11RHI:   Driver Version: 445.87 (internal:26.21.14.4587, unified:445.87)
[2020.04.22-05.41.58:305][  0]LogD3D11RHI:      Driver Date: 4-3-2020
[2020.04.22-05.41.58:305][  0]LogRHI: Texture pool is 7788 MB (70% of 11127 MB)
[2020.04.22-05.41.58:355][  0]LogD3D11RHI: Async texture creation enabled
[2020.04.22-05.41.58:374][  0]LogD3D11RHI: GPU Timing Frequency: 1000.000000 (Debug: 2 1)
[2020.04.22-05.41.58:762][  0]LogTemp: Display: Module 'AllDesktopTargetPlatform' loaded TargetPlatform 'AllDesktop'
[2020.04.22-05.41.58:771][  0]LogTemp: Display: Module 'MacClientTargetPlatform' loaded TargetPlatform 'MacClient'
[2020.04.22-05.41.58:779][  0]LogTemp: Display: Module 'MacNoEditorTargetPlatform' loaded TargetPlatform 'MacNoEditor'
[2020.04.22-05.41.58:788][  0]LogTemp: Display: Module 'MacServerTargetPlatform' loaded TargetPlatform 'MacServer'
[2020.04.22-05.41.58:797][  0]LogTemp: Display: Module 'MacTargetPlatform' loaded TargetPlatform 'Mac'
[2020.04.22-05.41.58:805][  0]LogTemp: Display: Module 'WindowsClientTargetPlatform' loaded TargetPlatform 'WindowsClient'
[2020.04.22-05.41.58:814][  0]LogTemp: Display: Module 'WindowsNoEditorTargetPlatform' loaded TargetPlatform 'WindowsNoEditor'
[2020.04.22-05.41.58:822][  0]LogTemp: Display: Module 'WindowsServerTargetPlatform' loaded TargetPlatform 'WindowsServer'
[2020.04.22-05.41.58:826][  0]LogTemp: Display: Module 'WindowsTargetPlatform' loaded TargetPlatform 'Windows'
[2020.04.22-05.41.58:860][  0]LogTemp: Display: Module 'AndroidTargetPlatform' loaded TargetPlatform 'Android'
[2020.04.22-05.41.58:860][  0]LogTemp: Display: Module 'AndroidTargetPlatform' loaded TargetPlatform 'Android_ASTC'
[2020.04.22-05.41.58:860][  0]LogTemp: Display: Module 'AndroidTargetPlatform' loaded TargetPlatform 'Android_ATC'
[2020.04.22-05.41.58:860][  0]LogTemp: Display: Module 'AndroidTargetPlatform' loaded TargetPlatform 'Android_DXT'
[2020.04.22-05.41.58:860][  0]LogTemp: Display: Module 'AndroidTargetPlatform' loaded TargetPlatform 'Android_ETC1'
[2020.04.22-05.41.58:860][  0]LogTemp: Display: Module 'AndroidTargetPlatform' loaded TargetPlatform 'Android_ETC1a'
[2020.04.22-05.41.58:860][  0]LogTemp: Display: Module 'AndroidTargetPlatform' loaded TargetPlatform 'Android_ETC2'
[2020.04.22-05.41.58:860][  0]LogTemp: Display: Module 'AndroidTargetPlatform' loaded TargetPlatform 'Android_PVRTC'
[2020.04.22-05.41.58:860][  0]LogTemp: Display: Module 'AndroidTargetPlatform' loaded TargetPlatform 'AndroidClient'
[2020.04.22-05.41.58:860][  0]LogTemp: Display: Module 'AndroidTargetPlatform' loaded TargetPlatform 'Android_ASTCClient'
[2020.04.22-05.41.58:860][  0]LogTemp: Display: Module 'AndroidTargetPlatform' loaded TargetPlatform 'Android_ATCClient'
[2020.04.22-05.41.58:860][  0]LogTemp: Display: Module 'AndroidTargetPlatform' loaded TargetPlatform 'Android_DXTClient'
[2020.04.22-05.41.58:860][  0]LogTemp: Display: Module 'AndroidTargetPlatform' loaded TargetPlatform 'Android_ETC1Client'
[2020.04.22-05.41.58:860][  0]LogTemp: Display: Module 'AndroidTargetPlatform' loaded TargetPlatform 'Android_ETC1aClient'
[2020.04.22-05.41.58:860][  0]LogTemp: Display: Module 'AndroidTargetPlatform' loaded TargetPlatform 'Android_ETC2Client'
[2020.04.22-05.41.58:860][  0]LogTemp: Display: Module 'AndroidTargetPlatform' loaded TargetPlatform 'Android_PVRTCClient'
[2020.04.22-05.41.58:860][  0]LogTemp: Display: Module 'AndroidTargetPlatform' loaded TargetPlatform 'Android_Multi'
[2020.04.22-05.41.58:861][  0]LogTemp: Display: Module 'AndroidTargetPlatform' loaded TargetPlatform 'Android_MultiClient'
[2020.04.22-05.41.58:862][  0]LogTemp: Display: Module 'HTML5TargetPlatform' loaded TargetPlatform 'HTML5'
[2020.04.22-05.41.58:878][  0]LogTemp: Display: Module 'IOSTargetPlatform' loaded TargetPlatform 'IOSClient'
[2020.04.22-05.41.58:878][  0]LogTemp: Display: Module 'IOSTargetPlatform' loaded TargetPlatform 'IOS'
[2020.04.22-05.41.58:891][  0]LogTemp: Display: Module 'TVOSTargetPlatform' loaded TargetPlatform 'TVOSClient'
[2020.04.22-05.41.58:891][  0]LogTemp: Display: Module 'TVOSTargetPlatform' loaded TargetPlatform 'TVOS'
[2020.04.22-05.41.58:899][  0]LogTemp: Display: Module 'LinuxClientTargetPlatform' loaded TargetPlatform 'LinuxClient'
[2020.04.22-05.41.58:905][  0]LogTemp: Display: Module 'LinuxNoEditorTargetPlatform' loaded TargetPlatform 'LinuxNoEditor'
[2020.04.22-05.41.58:912][  0]LogTemp: Display: Module 'LinuxServerTargetPlatform' loaded TargetPlatform 'LinuxServer'
[2020.04.22-05.41.58:919][  0]LogTemp: Display: Module 'LinuxTargetPlatform' loaded TargetPlatform 'Linux'
[2020.04.22-05.41.58:942][  0]LogTemp: Display: Module 'LuminTargetPlatform' loaded TargetPlatform 'Lumin'
[2020.04.22-05.41.58:942][  0]LogTemp: Display: Module 'LuminTargetPlatform' loaded TargetPlatform 'LuminClient'
[2020.04.22-05.41.58:942][  0]LogTargetPlatformManager: Display: Building Assets For Windows
[2020.04.22-05.41.58:952][  0]LogAudioDebug: Display: Lib vorbis DLL was dynamically loaded.
[2020.04.22-05.41.59:003][  0]LogShaderCompilers: Guid format shader working directory is 23 characters bigger than the processId version (E:/proyectos/InterpolationAnim/Intermediate/Shaders/WorkingDirectory/14400/).
[2020.04.22-05.41.59:004][  0]LogShaderCompilers: Cleaned the shader compiler working directory 'C:/Users/FractalGaming/AppData/Local/Temp/UnrealShaderWorkingDir/0252078A41BF92C1C8043CBAE9E40113/'.
[2020.04.22-05.41.59:006][  0]LogXGEController: Cannot use XGE Controller as Incredibuild is not installed on this machine.
[2020.04.22-05.41.59:006][  0]LogShaderCompilers: Cannot use XGE Shader Compiler as Incredibuild is not installed on this machine.
[2020.04.22-05.41.59:006][  0]LogShaderCompilers: Display: Using Local Shader Compiler.
[2020.04.22-05.41.59:645][  0]LogDerivedDataCache: Display: Max Cache Size: 512 MB
[2020.04.22-05.41.59:696][  0]LogDerivedDataCache: Loaded boot cache 0.05s 73MB C:/Users/FractalGaming/AppData/Local/UnrealEngine/4.23/DerivedDataCache/Boot.ddc.
[2020.04.22-05.41.59:696][  0]LogDerivedDataCache: Display: Loaded Boot cache: C:/Users/FractalGaming/AppData/Local/UnrealEngine/4.23/DerivedDataCache/Boot.ddc
[2020.04.22-05.41.59:696][  0]LogDerivedDataCache: FDerivedDataBackendGraph:  Pak pak cache file E:/proyectos/InterpolationAnim/DerivedDataCache/DDC.ddp not found, will not use a pak cache.
[2020.04.22-05.41.59:696][  0]LogDerivedDataCache: Unable to find inner node Pak for hierarchical cache Hierarchy.
[2020.04.22-05.41.59:696][  0]LogDerivedDataCache: FDerivedDataBackendGraph:  CompressedPak pak cache file E:/proyectos/InterpolationAnim/DerivedDataCache/Compressed.ddp not found, will not use a pak cache.
[2020.04.22-05.41.59:696][  0]LogDerivedDataCache: Unable to find inner node CompressedPak for hierarchical cache Hierarchy.
[2020.04.22-05.41.59:706][  0]LogDerivedDataCache: Display: Pak cache opened for reading ../../../Engine/DerivedDataCache/Compressed.ddp.
[2020.04.22-05.41.59:706][  0]LogDerivedDataCache: FDerivedDataBackendGraph:  EnterprisePak pak cache file ../../../Enterprise/DerivedDataCache/Compressed.ddp not found, will not use a pak cache.
[2020.04.22-05.41.59:706][  0]LogDerivedDataCache: Unable to find inner node EnterprisePak for hierarchical cache Hierarchy.
[2020.04.22-05.41.59:708][  0]LogDerivedDataCache: Using Local data cache path C:/Users/FractalGaming/AppData/Local/UnrealEngine/Common/DerivedDataCache: Writable
[2020.04.22-05.41.59:708][  0]LogDerivedDataCache: Shared data cache path not found in *engine.ini, will not use an Shared cache.
[2020.04.22-05.41.59:708][  0]LogDerivedDataCache: Unable to find inner node Shared for hierarchical cache Hierarchy.
[2020.04.22-05.41.59:732][  0]LogMaterial: Verifying Global Shaders for PCD3D_SM5
[2020.04.22-05.41.59:734][  0]LogSlate: Using FreeType 2.6.0
[2020.04.22-05.41.59:734][  0]LogSlate: SlateFontServices - WITH_FREETYPE: 1, WITH_HARFBUZZ: 1
[2020.04.22-05.41.59:786][  0]LogAssetRegistry: FAssetRegistry took 0.0024 seconds to start up
[2020.04.22-05.42.00:055][  0]LogInit: Selected Device Profile: [Windows]
[2020.04.22-05.42.00:209][  0]LogMeshReduction: Using QuadricMeshReduction for automatic static mesh reduction
[2020.04.22-05.42.00:209][  0]LogMeshReduction: Using SimplygonMeshReduction for automatic skeletal mesh reduction
[2020.04.22-05.42.00:209][  0]LogMeshReduction: Using ProxyLODMeshReduction for automatic mesh merging
[2020.04.22-05.42.00:209][  0]LogMeshReduction: No distributed automatic mesh merging module available
[2020.04.22-05.42.00:209][  0]LogMeshMerging: No distributed automatic mesh merging module available
[2020.04.22-05.42.00:217][  0]LogNetVersion: InterpolationAnim 1.0.0, NetCL: 8386587, EngineNetVer: 11, GameNetVer: 0 (Checksum: 234830408)
[2020.04.22-05.42.00:687][  0]LogPackageLocalizationCache: Processed 15 localized package path(s) for 1 prioritized culture(s) in 0.102917 seconds
[2020.04.22-05.42.00:695][  0]LogUObjectArray: 43444 objects as part of root set at end of initial load.
[2020.04.22-05.42.00:695][  0]LogUObjectAllocator: 7548648 out of 0 bytes used by permanent object pool.
[2020.04.22-05.42.00:695][  0]LogUObjectArray: CloseDisregardForGC: 0/0 objects in disregard for GC pool
[2020.04.22-05.42.01:607][  0]LogPython: Using Python 2.7.14
[2020.04.22-05.42.02:336][  0]LogTcpMessaging: Initializing TcpMessaging bridge
[2020.04.22-05.42.02:340][  0]LogUdpMessaging: Initializing bridge on interface 0.0.0.0:0 to multicast group 230.0.0.1:6666.
[2020.04.22-05.42.02:423][  0]SourceControl: Source control is disabled
[2020.04.22-05.42.02:423][  0]SourceControl: Source control is disabled
[2020.04.22-05.42.02:424][  0]SourceControl: Source control is disabled
[2020.04.22-05.42.02:426][  0]SourceControl: Source control is disabled
[2020.04.22-05.42.02:558][  0]LogAndroidPermission: UAndroidPermissionCallbackProxy::GetInstance
[2020.04.22-05.42.02:880][  0]LogOcInput: OculusInput pre-init called
[2020.04.22-05.42.02:887][  0]LogWindows: Failed to load 'OVRPlugin.dll' (GetLastError=126)
[2020.04.22-05.42.02:887][  0]LogWindows: File 'OVRPlugin.dll' does not exist
[2020.04.22-05.42.04:045][  0]LogEngine: Initializing Engine...
[2020.04.22-05.42.04:046][  0]LogHMD: Failed to initialize OpenVR with code 110
[2020.04.22-05.42.04:047][  0]LogStats: UGameplayTagsManager::InitializeManager -  0.000 s
[2020.04.22-05.42.04:300][  0]LogInit: Initializing FReadOnlyCVARCache
[2020.04.22-05.42.04:320][  0]LogAIModule: Creating AISystem for world Untitled
[2020.04.22-05.42.04:402][  0]LogInit: XAudio2 using 'Speakers (Sirus Headset)' : 2 channels at 48 kHz using 16 bits per sample (channel mask 0x3)
[2020.04.22-05.42.04:438][  0]LogInit: FAudioDevice initialized.
[2020.04.22-05.42.04:438][  0]LogNetVersion: Set ProjectVersion to 1.0.0.0. Version Checksum will be recalculated on next use.
[2020.04.22-05.42.04:555][  0]LogDerivedDataCache: Saved boot cache 0.12s 73MB C:/Users/FractalGaming/AppData/Local/UnrealEngine/4.23/DerivedDataCache/Boot.ddc.
[2020.04.22-05.42.04:568][  0]LogInit: Texture streaming: Enabled
[2020.04.22-05.42.04:590][  0]LogEngineSessionManager: EngineSessionManager initialized
[2020.04.22-05.42.04:682][  0]LogInit: Transaction tracking system initialized
[2020.04.22-05.42.04:728][  0]BlueprintLog: New page: Editor Load
[2020.04.22-05.42.04:816][  0]LocalizationService: Localization service is disabled
[2020.04.22-05.42.05:099][  0]LogFileCache: Scanning file cache for directory 'E:/proyectos/InterpolationAnim/Content/' took 0.01s
[2020.04.22-05.42.05:099][  0]LogCook: Display: Max memory allowance for cook 16384mb min free memory 0mb
[2020.04.22-05.42.05:099][  0]LogCook: Display: Mobile HDR setting 1
[2020.04.22-05.42.05:411][  0]SourceControl: Source control is disabled
[2020.04.22-05.42.05:412][  0]Cmd: MAP LOAD FILE="E:/proyectos/InterpolationAnim/Content/ThirdPersonBP/Maps/ThirdPersonExampleMap.umap" TEMPLATE=0 SHOWPROGRESS=1 FEATURELEVEL=3
[2020.04.22-05.42.05:421][  0]LightingResults: New page: Lighting Build
[2020.04.22-05.42.05:424][  0]LogWorld: UWorld::CleanupWorld for Untitled, bSessionEnded=true, bCleanupResources=true
[2020.04.22-05.42.05:424][  0]MapCheck: New page: Map Check
[2020.04.22-05.42.05:424][  0]LightingResults: New page: Lighting Build
[2020.04.22-05.42.05:450][  0]LogUObjectHash: Compacting FUObjectHashTables data took   1.95ms
[2020.04.22-05.42.06:538][  0]LogAIModule: Creating AISystem for world ThirdPersonExampleMap
[2020.04.22-05.42.06:574][  0]LogEditorServer: Finished looking for orphan Actors (0.000 secs)
[2020.04.22-05.42.06:599][  0]LogUObjectHash: Compacting FUObjectHashTables data took   2.22ms
[2020.04.22-05.42.06:600][  0]Cmd: MAP CHECKDEP NOCLEARLOG
[2020.04.22-05.42.06:600][  0]MapCheck: Map check complete: 0 Error(s), 0 Warning(s), took 0.088ms to complete.
[2020.04.22-05.42.06:600][  0]LogFileHelpers: Loading map 'ThirdPersonExampleMap' took 1.188
[2020.04.22-05.42.06:745][  0]LogCollectionManager: Loaded 0 collections in 0.002616 seconds
[2020.04.22-05.42.06:779][  0]LogFileCache: Scanning file cache for directory 'E:/proyectos/InterpolationAnim/Saved/Collections/' took 0.00s
[2020.04.22-05.42.06:779][  0]LogFileCache: Scanning file cache for directory 'E:/proyectos/InterpolationAnim/Content/Developers/FractalGaming/Collections/' took 0.00s
[2020.04.22-05.42.06:779][  0]LogFileCache: Scanning file cache for directory 'E:/proyectos/InterpolationAnim/Content/Collections/' took 0.00s
[2020.04.22-05.42.06:779][  0]LogCollectionManager: Rebuilt the GUID cache for 0 collections in 0.000002 seconds
[2020.04.22-05.42.06:792][  0]LogContentBrowser: Native class hierarchy populated in 0.0098 seconds. Added 2919 classes and 709 folders.
[2020.04.22-05.42.06:812][  0]LogContentBrowser: Native class hierarchy updated for 'WidgetCarousel' in 0.0002 seconds. Added 0 classes and 0 folders.
[2020.04.22-05.42.07:229][  0]LogContentBrowser: Native class hierarchy updated for 'AddContentDialog' in 0.0002 seconds. Added 0 classes and 0 folders.
[2020.04.22-05.42.07:268][  0]LogContentBrowser: Native class hierarchy updated for 'SceneOutliner' in 0.0003 seconds. Added 1 classes and 2 folders.
[2020.04.22-05.42.07:414][  0]LogSlate: Updating window title bar state: overlay mode, drag disabled, window buttons hidden, title bar hidden
[2020.04.22-05.42.07:423][  0]LogSlate: Updating window title bar state: overlay mode, drag disabled, window buttons hidden, title bar hidden
[2020.04.22-05.42.07:431][  0]LogSlate: Updating window title bar state: overlay mode, drag disabled, window buttons hidden, title bar hidden
[2020.04.22-05.42.07:438][  0]LogSlate: Updating window title bar state: overlay mode, drag disabled, window buttons hidden, title bar hidden
[2020.04.22-05.42.07:477][  0]LogSlate: Took 0.000144 seconds to synchronously load lazily loaded font '../../../Engine/Content/Slate/Fonts/Roboto-Regular.ttf' (155K)
[2020.04.22-05.42.07:487][  0]LogSlate: Took 0.006848 seconds to synchronously load lazily loaded font '../../../Engine/Content/Editor/Slate/Fonts/FontAwesome.ttf' (139K)
[2020.04.22-05.42.07:487][  0]LogSlate: Took 0.000134 seconds to synchronously load lazily loaded font '../../../Engine/Content/Slate/Fonts/Roboto-Bold.ttf' (160K)
[2020.04.22-05.42.07:597][  0]LogRenderer: Reallocating scene render targets to support 1100x924 Format 10 NumSamples 1 (Frame:1).
[2020.04.22-05.42.07:800][  0]LogContentBrowser: Native class hierarchy updated for 'HierarchicalLODOutliner' in 0.0002 seconds. Added 0 classes and 0 folders.
[2020.04.22-05.42.07:800][  0]LogLoad: (Engine Initialization) Total time: 11.18 seconds
[2020.04.22-05.42.07:800][  0]LogLoad: (Engine Initialization) Total Blueprint compile time: 0.00 seconds
[2020.04.22-05.42.07:862][  0]LogContentStreaming: Texture pool size now 1000 MB
[2020.04.22-05.42.07:880][  0]LogSlate: Took 0.007779 seconds to synchronously load lazily loaded font '../../../Engine/Content/Slate/Fonts/Roboto-Light.ttf' (167K)
[2020.04.22-05.42.07:901][  0]LogSlate: Took 0.000121 seconds to synchronously load lazily loaded font '../../../Engine/Content/Slate/Fonts/Roboto-Light.ttf' (167K)
[2020.04.22-05.42.08:078][  2]LogAssetRegistry: Asset discovery search completed in 8.2923 seconds
[2020.04.22-05.42.08:084][  2]LogCollectionManager: Rebuilt the object cache for 0 collections in 0.000006 seconds (found 0 objects)
[2020.04.22-05.42.08:084][  2]LogCollectionManager: Fixed up redirectors for 0 collections in 0.000068 seconds (updated 0 objects)
[2020.04.22-05.42.21:483][172]LogSlate: FSceneViewport::OnFocusLost() reason 0
[2020.04.22-05.42.30:003][179]LogAssetEditorManager: Opening Asset editor for PoseAsset /Game/Mannequin/Animations/run/final/pose_run_final.pose_run_final
[2020.04.22-05.42.30:024][179]LogContentBrowser: Native class hierarchy updated for 'SkeletonEditor' in 0.0002 seconds. Added 1 classes and 2 folders.
[2020.04.22-05.42.30:278][179]LogActorComponent: RegisterComponentWithWorld: (/Engine/Transient.World_0:PersistentLevel.AnimationEditorPreviewActor_0.DebugSkelMeshComponent_0) Already registered. Aborting.
[2020.04.22-05.42.30:285][179]LogContentBrowser: Native class hierarchy updated for 'PinnedCommandList' in 0.0004 seconds. Added 1 classes and 0 folders.
[2020.04.22-05.42.30:384][179]LogSkeletalMesh: USkeletalMeshComponent::InitArticulated : Bodies already created (/Engine/Transient.World_0:PersistentLevel.AnimationEditorPreviewActor_0.DebugSkelMeshComponent_0) - call TermArticulated first.
[2020.04.22-05.42.30:848][179]LogRenderer: Reallocating scene render targets to support 1768x924 Format 10 NumSamples 1 (Frame:1).
[2020.04.22-05.42.30:848][179]LogContentBrowser: Verbose: The majority of assets in the view are of type: AnimSequence
[2020.04.22-05.42.40:102][ 27]LogSlate: FSceneViewport::OnFocusLost() reason 0
[2020.04.22-05.43.13:431][250]LogSlate: Window 'pose_run_final' being destroyed
[2020.04.22-05.43.13:435][250]LogWorld: UWorld::CleanupWorld for World_0, bSessionEnded=true, bCleanupResources=true
[2020.04.22-05.43.13:582][250]LogWorld: UWorld::CleanupWorld for World_1, bSessionEnded=true, bCleanupResources=true
[2020.04.22-05.43.14:513][357]LogAssetEditorManager: Opening Asset editor for AnimSequence /Game/Mannequin/Animations/run/final/final_v2.final_v2
[2020.04.22-05.43.14:521][357]LogActorComponent: RegisterComponentWithWorld: (/Engine/Transient.World_5:PersistentLevel.AnimationEditorPreviewActor_0.DebugSkelMeshComponent_0) Already registered. Aborting.
[2020.04.22-05.43.14:552][357]LogSkeletalMesh: USkeletalMeshComponent::InitArticulated : Bodies already created (/Engine/Transient.World_5:PersistentLevel.AnimationEditorPreviewActor_0.DebugSkelMeshComponent_0) - call TermArticulated first.
[2020.04.22-05.43.14:880][357]LogContentBrowser: Verbose: The majority of assets in the view are of type: AnimSequence
[2020.04.22-05.43.18:099][587]LogSlate: FSceneViewport::OnFocusLost() reason 0
[2020.04.22-05.43.28:828][437]LogHttp: Warning: 0000022415540540: invalid HTTP response code received. URL: https://datarouter.ol.epicgames.com/datarouter/api/v1/public/data?SessionID=%7B8ED0F3ED-4F1F-FD30-BFF8-398EAE0191A3%7D&AppID=UEEditor.Rocket.Release&AppVersion=4.23.0-8386587%2B%2B%2BUE4%2BRelease-4.23&UserID=a3df386b409987aaf6517eb8a3f9d774%7C9104a7712cdf42e9aa4434087001f459%7Cbd705dc9-7517-449b-a1a3-1d282dfa63a8&AppEnvironment=datacollector-binary&UploadType=eteventstream, HTTP code: 0, content length: -1, actual payload size: 0
[2020.04.22-05.43.28:828][437]LogHttp: Warning: 0000022415540540: request failed, libcurl error: 7 (Couldn't connect to server)
[2020.04.22-05.43.28:828][437]LogHttp: Warning: 0000022415540540: libcurl info message cache 0 (  Trying 192.168.123.123...)
[2020.04.22-05.43.28:828][437]LogHttp: Warning: 0000022415540540: libcurl info message cache 1 (TCP_NODELAY set)
[2020.04.22-05.43.28:828][437]LogHttp: Warning: 0000022415540540: libcurl info message cache 2 (connect to 192.168.123.123 port 443 failed: Timed out)
[2020.04.22-05.43.28:828][437]LogHttp: Warning: 0000022415540540: libcurl info message cache 3 (Failed to connect to datarouter.ol.epicgames.com port 443: Timed out)
[2020.04.22-05.43.28:828][437]LogHttp: Warning: 0000022415540540: libcurl info message cache 4 (Closing connection 0)
[2020.04.22-05.43.28:841][438]LogHttp: Warning: Retry exhausted on https://datarouter.ol.epicgames.com/datarouter/api/v1/public/data?SessionID=%7B8ED0F3ED-4F1F-FD30-BFF8-398EAE0191A3%7D&AppID=UEEditor.Rocket.Release&AppVersion=4.23.0-8386587%2B%2B%2BUE4%2BRelease-4.23&UserID=a3df386b409987aaf6517eb8a3f9d774%7C9104a7712cdf42e9aa4434087001f459%7Cbd705dc9-7517-449b-a1a3-1d282dfa63a8&AppEnvironment=datacollector-binary&UploadType=eteventstream
[2020.04.22-05.43.33:728][816]LogSlate: FSceneViewport::OnFocusLost() reason 0
[2020.04.22-05.43.59:971][987]LogSlate: FSceneViewport::OnFocusLost() reason 0
[2020.04.22-05.44.53:078][423]LogAnimationCompression: Building Anim DDC data for AnimSequence /Game/Mannequin/Animations/run/final/final_v2.final_v2
[2020.04.22-05.44.53:079][423]LogAnimationCompression: Recompressing (AnimSequence /Game/Mannequin/Animations/run/final/final_v2.final_v2) using current/default (AnimCompress_BitwiseCompressOnly_0) bFirstRecompressUsingCurrentOrDefault(1) bTryAlternateCompressor(0) IsCompressedDataValid(0)
[2020.04.22-05.45.49:880][238]LogHttp: Warning: 0000022393390540: invalid HTTP response code received. URL: https://datarouter.ol.epicgames.com/datarouter/api/v1/public/data?SessionID=%7B8ED0F3ED-4F1F-FD30-BFF8-398EAE0191A3%7D&AppID=UEEditor.Rocket.Release&AppVersion=4.23.0-8386587%2B%2B%2BUE4%2BRelease-4.23&UserID=a3df386b409987aaf6517eb8a3f9d774%7C9104a7712cdf42e9aa4434087001f459%7Cbd705dc9-7517-449b-a1a3-1d282dfa63a8&AppEnvironment=datacollector-binary&UploadType=eteventstream, HTTP code: 0, content length: -1, actual payload size: 0
[2020.04.22-05.45.49:880][238]LogHttp: Warning: 0000022393390540: request failed, libcurl error: 7 (Couldn't connect to server)
[2020.04.22-05.45.49:881][238]LogHttp: Warning: 0000022393390540: libcurl info message cache 0 (Hostname in DNS cache was stale, zapped)
[2020.04.22-05.45.49:881][238]LogHttp: Warning: 0000022393390540: libcurl info message cache 1 (  Trying 192.168.123.123...)
[2020.04.22-05.45.49:881][238]LogHttp: Warning: 0000022393390540: libcurl info message cache 2 (TCP_NODELAY set)
[2020.04.22-05.45.49:881][238]LogHttp: Warning: 0000022393390540: libcurl info message cache 3 (connect to 192.168.123.123 port 443 failed: Timed out)
[2020.04.22-05.45.49:881][238]LogHttp: Warning: 0000022393390540: libcurl info message cache 4 (Failed to connect to datarouter.ol.epicgames.com port 443: Timed out)
[2020.04.22-05.45.49:881][238]LogHttp: Warning: 0000022393390540: libcurl info message cache 5 (Closing connection 1)
[2020.04.22-05.45.49:881][238]LogHttp: Warning: Retry exhausted on https://datarouter.ol.epicgames.com/datarouter/api/v1/public/data?SessionID=%7B8ED0F3ED-4F1F-FD30-BFF8-398EAE0191A3%7D&AppID=UEEditor.Rocket.Release&AppVersion=4.23.0-8386587%2B%2B%2BUE4%2BRelease-4.23&UserID=a3df386b409987aaf6517eb8a3f9d774%7C9104a7712cdf42e9aa4434087001f459%7Cbd705dc9-7517-449b-a1a3-1d282dfa63a8&AppEnvironment=datacollector-binary&UploadType=eteventstream
[2020.04.22-05.45.59:497][967]LogEditorTransaction: Undo Mouse Drag
[2020.04.22-05.45.59:572][967]LogActorComponent: RegisterComponentWithWorld: (/Engine/Transient.World_5:PersistentLevel.AnimationEditorPreviewActor_0.DebugSkelMeshComponent_0) Already registered. Aborting.
[2020.04.22-05.49.23:033][934]LogAnimationCompression: Building Anim DDC data for AnimSequence /Game/Mannequin/Animations/run/final/final_v2.final_v2
[2020.04.22-05.49.23:033][934]LogAnimationCompression: Recompressing (AnimSequence /Game/Mannequin/Animations/run/final/final_v2.final_v2) using current/default (AnimCompress_BitwiseCompressOnly_0) bFirstRecompressUsingCurrentOrDefault(1) bTryAlternateCompressor(0) IsCompressedDataValid(0)
[2020.04.22-05.52.07:765][505]LogEditorTransaction: Undo Mouse Drag
[2020.04.22-05.52.07:853][505]LogActorComponent: RegisterComponentWithWorld: (/Engine/Transient.World_5:PersistentLevel.AnimationEditorPreviewActor_0.DebugSkelMeshComponent_0) Already registered. Aborting.
[2020.04.22-05.55.41:108][113]LogEditorTransaction: Undo Mouse Drag
[2020.04.22-05.55.41:195][113]LogActorComponent: RegisterComponentWithWorld: (/Engine/Transient.World_5:PersistentLevel.AnimationEditorPreviewActor_0.DebugSkelMeshComponent_0) Already registered. Aborting.
[2020.04.22-05.55.42:127][185]Cmd: TRANSACTION UNDO
[2020.04.22-05.55.42:128][185]LogEditorTransaction: Undo Mouse Drag
[2020.04.22-05.55.42:203][185]LogActorComponent: RegisterComponentWithWorld: (/Engine/Transient.World_5:PersistentLevel.AnimationEditorPreviewActor_0.DebugSkelMeshComponent_0) Already registered. Aborting.
[2020.04.22-05.55.43:068][247]Cmd: TRANSACTION UNDO
[2020.04.22-05.55.43:068][247]LogEditorTransaction: Undo Mouse Drag
[2020.04.22-05.55.43:145][247]LogActorComponent: RegisterComponentWithWorld: (/Engine/Transient.World_5:PersistentLevel.AnimationEditorPreviewActor_0.DebugSkelMeshComponent_0) Already registered. Aborting.
[2020.04.22-05.55.44:196][332]Cmd: TRANSACTION UNDO
[2020.04.22-05.55.44:196][332]LogEditorTransaction: Undo Add Key(s)
[2020.04.22-05.55.44:280][332]LogActorComponent: RegisterComponentWithWorld: (/Engine/Transient.World_5:PersistentLevel.AnimationEditorPreviewActor_0.DebugSkelMeshComponent_0) Already registered. Aborting.
[2020.04.22-05.56.46:268][841]LogUObjectHash: Compacting FUObjectHashTables data took   3.11ms
[2020.04.22-05.56.46:268][841]LogFileHelpers: Editor autosave (incl. sublevels) for '/Game/ThirdPersonBP/Maps/ThirdPersonExampleMap' took 0.042
[2020.04.22-05.56.46:290][841]OBJ SavePackage: Generating thumbnails for [1] asset(s) in package [/Game/Mannequin/Animations/run/final/final_v2] ([1] browsable assets)...
[2020.04.22-05.56.46:308][841]OBJ SavePackage:     Rendered thumbnail for [AnimSequence /Game/Mannequin/Animations/run/final/final_v2.final_v2]
[2020.04.22-05.56.46:308][841]OBJ SavePackage: Finished generating thumbnails for package [/Game/Mannequin/Animations/run/final/final_v2]
[2020.04.22-05.56.46:414][841]LogAnimationCompression: Building Anim DDC data for AnimSequence /Game/Mannequin/Animations/run/final/final_v2.final_v2
[2020.04.22-05.56.46:414][841]LogAnimationCompression: Recompressing (AnimSequence /Game/Mannequin/Animations/run/final/final_v2.final_v2) using current/default (AnimCompress_BitwiseCompressOnly_0) bFirstRecompressUsingCurrentOrDefault(1) bTryAlternateCompressor(0) IsCompressedDataValid(0)
[2020.04.22-05.56.46:465][841]LogSavePackage: Moving 'E:/proyectos/InterpolationAnim/Saved/final_v2_Auto13DA092C742024241A6BAABA1C35221F7.tmp' to 'E:/proyectos/InterpolationAnim/Saved/Autosaves/Game/Mannequin/Animations/run/final/final_v2_Auto1.uasset'
[2020.04.22-05.56.46:474][841]LogFileHelpers: Auto-saving content packages took 0.205
[2020.04.22-05.59.01:339][113]LogEditorTransaction: Undo Mouse Drag
[2020.04.22-05.59.01:426][113]LogActorComponent: RegisterComponentWithWorld: (/Engine/Transient.World_5:PersistentLevel.AnimationEditorPreviewActor_0.DebugSkelMeshComponent_0) Already registered. Aborting.
[2020.04.22-05.59.02:303][175]Cmd: TRANSACTION UNDO
[2020.04.22-05.59.02:303][175]LogEditorTransaction: Undo Add Key(s)
[2020.04.22-05.59.02:390][175]LogActorComponent: RegisterComponentWithWorld: (/Engine/Transient.World_5:PersistentLevel.AnimationEditorPreviewActor_0.DebugSkelMeshComponent_0) Already registered. Aborting.
[2020.04.22-05.59.37:858][797]Cmd: OBJ SAVEPACKAGE PACKAGE="/Game/Mannequin/Animations/run/final/final_v2" FILE="E:/proyectos/InterpolationAnim/Content/Mannequin/Animations/run/final/final_v2.uasset" SILENT=true
[2020.04.22-05.59.37:897][797]LogAnimationCompression: Building Anim DDC data for AnimSequence /Game/Mannequin/Animations/run/final/final_v2.final_v2
[2020.04.22-05.59.37:897][797]LogAnimationCompression: Recompressing (AnimSequence /Game/Mannequin/Animations/run/final/final_v2.final_v2) using current/default (AnimCompress_BitwiseCompressOnly_0) bFirstRecompressUsingCurrentOrDefault(1) bTryAlternateCompressor(0) IsCompressedDataValid(0)
[2020.04.22-05.59.37:918][797]LogSavePackage: Moving 'E:/proyectos/InterpolationAnim/Saved/final_v2CEAC1B2148F0C5844F7AA49FADA7972A.tmp' to 'E:/proyectos/InterpolationAnim/Content/Mannequin/Animations/run/final/final_v2.uasset'
[2020.04.22-06.14.08:176][262]LogUObjectHash: Compacting FUObjectHashTables data took   2.68ms
[2020.04.22-06.14.08:176][262]LogFileHelpers: Editor autosave (incl. sublevels) for '/Game/ThirdPersonBP/Maps/ThirdPersonExampleMap' took 0.029
[2020.04.22-06.14.08:179][262]OBJ SavePackage: Generating thumbnails for [1] asset(s) in package [/Game/Mannequin/Animations/run/final/final_v2] ([1] browsable assets)...
[2020.04.22-06.14.08:190][262]OBJ SavePackage:     Rendered thumbnail for [AnimSequence /Game/Mannequin/Animations/run/final/final_v2.final_v2]
[2020.04.22-06.14.08:190][262]OBJ SavePackage: Finished generating thumbnails for package [/Game/Mannequin/Animations/run/final/final_v2]
[2020.04.22-06.14.08:210][262]LogAnimationCompression: Building Anim DDC data for AnimSequence /Game/Mannequin/Animations/run/final/final_v2.final_v2
[2020.04.22-06.14.08:210][262]LogAnimationCompression: Recompressing (AnimSequence /Game/Mannequin/Animations/run/final/final_v2.final_v2) using current/default (AnimCompress_BitwiseCompressOnly_0) bFirstRecompressUsingCurrentOrDefault(1) bTryAlternateCompressor(0) IsCompressedDataValid(0)
[2020.04.22-06.14.08:232][262]LogSavePackage: Moving 'E:/proyectos/InterpolationAnim/Saved/final_v2_Auto26B8F40D649093C56F24A62BD8BC6F859.tmp' to 'E:/proyectos/InterpolationAnim/Saved/Autosaves/Game/Mannequin/Animations/run/final/final_v2_Auto2.uasset'
[2020.04.22-06.14.08:234][262]LogFileHelpers: Auto-saving content packages took 0.055
[2020.04.22-06.41.44:084][514]Cmd: OBJ SAVEPACKAGE PACKAGE="/Game/Mannequin/Animations/run/final/final_v2" FILE="E:/proyectos/InterpolationAnim/Content/Mannequin/Animations/run/final/final_v2.uasset" SILENT=true
[2020.04.22-06.41.44:106][514]LogAnimationCompression: Building Anim DDC data for AnimSequence /Game/Mannequin/Animations/run/final/final_v2.final_v2
[2020.04.22-06.41.44:106][514]LogAnimationCompression: Recompressing (AnimSequence /Game/Mannequin/Animations/run/final/final_v2.final_v2) using current/default (AnimCompress_BitwiseCompressOnly_0) bFirstRecompressUsingCurrentOrDefault(1) bTryAlternateCompressor(0) IsCompressedDataValid(0)
[2020.04.22-06.41.44:128][514]LogSavePackage: Moving 'E:/proyectos/InterpolationAnim/Saved/final_v243F679C6498EF0DE87E8F5B49F7F2822.tmp' to 'E:/proyectos/InterpolationAnim/Content/Mannequin/Animations/run/final/final_v2.uasset'
[2020.04.22-06.41.48:705][875]LogSlate: Window 'final_v2' being destroyed
[2020.04.22-06.41.48:714][875]LogWorld: UWorld::CleanupWorld for World_5, bSessionEnded=true, bCleanupResources=true
[2020.04.22-06.41.48:768][875]LogWorld: UWorld::CleanupWorld for World_8, bSessionEnded=true, bCleanupResources=true
[2020.04.22-06.41.49:304][875]LogWorld: UWorld::CleanupWorld for World_6, bSessionEnded=true, bCleanupResources=true
[2020.04.22-06.46.30:441][ 87]LogAssetEditorManager: Opening Asset editor for AnimSequence /Game/Mannequin/Animations/run/final/final_v2.final_v2
[2020.04.22-06.46.30:451][ 87]LogActorComponent: RegisterComponentWithWorld: (/Engine/Transient.World_9:PersistentLevel.AnimationEditorPreviewActor_0.DebugSkelMeshComponent_0) Already registered. Aborting.
[2020.04.22-06.46.30:496][ 87]LogSkeletalMesh: USkeletalMeshComponent::InitArticulated : Bodies already created (/Engine/Transient.World_9:PersistentLevel.AnimationEditorPreviewActor_0.DebugSkelMeshComponent_0) - call TermArticulated first.
[2020.04.22-06.46.30:860][ 87]LogRenderer: Reallocating scene render targets to support 1796x924 Format 10 NumSamples 1 (Frame:1).
[2020.04.22-06.46.30:860][ 87]LogContentBrowser: Verbose: The majority of assets in the view are of type: AnimSequence
[2020.04.22-06.46.40:649][788]LogSlate: FSceneViewport::OnFocusLost() reason 0
[2020.04.22-06.47.42:561][913]Cmd: OBJ SAVEPACKAGE PACKAGE="/Game/Mannequin/Animations/run/final/final_v2" FILE="E:/proyectos/InterpolationAnim/Content/Mannequin/Animations/run/final/final_v2.uasset" SILENT=true
[2020.04.22-06.47.42:584][913]LogAnimationCompression: Building Anim DDC data for AnimSequence /Game/Mannequin/Animations/run/final/final_v2.final_v2
[2020.04.22-06.47.42:584][913]LogAnimationCompression: Recompressing (AnimSequence /Game/Mannequin/Animations/run/final/final_v2.final_v2) using current/default (AnimCompress_BitwiseCompressOnly_0) bFirstRecompressUsingCurrentOrDefault(1) bTryAlternateCompressor(0) IsCompressedDataValid(0)
[2020.04.22-06.47.42:604][913]LogSavePackage: Moving 'E:/proyectos/InterpolationAnim/Saved/final_v2018411B9452E2FB511D6EE8C86D7C336.tmp' to 'E:/proyectos/InterpolationAnim/Content/Mannequin/Animations/run/final/final_v2.uasset'
[2020.04.22-06.47.43:666][993]LogSlate: Window 'final_v2' being destroyed
[2020.04.22-06.47.43:673][993]LogWorld: UWorld::CleanupWorld for World_9, bSessionEnded=true, bCleanupResources=true
[2020.04.22-06.47.43:716][993]LogWorld: UWorld::CleanupWorld for World_11, bSessionEnded=true, bCleanupResources=true
[2020.04.22-06.47.43:814][993]LogWorld: UWorld::CleanupWorld for World_10, bSessionEnded=true, bCleanupResources=true
